
*** Running vivado
    with args -log filter.vds -m64 -product Vivado -mode batch -messageDb vivado.pb -notrace -source filter.tcl



****** Vivado v2022.1 (64-bit)
  **** SW Build 3526262 on Mon Apr 18 15:48:16 MDT 2022
  **** IP Build 3524634 on Mon Apr 18 20:55:01 MDT 2022
    ** Copyright 1986-2022 Xilinx, Inc. All Rights Reserved.

source filter.tcl -notrace
Command: read_checkpoint -auto_incremental -incremental C:/Users/nazar/bkr/bkr.srcs/utils_1/imports/synth_1/filter.dcp
INFO: [Vivado 12-5825] Read reference checkpoint from C:/Users/nazar/bkr/bkr.srcs/utils_1/imports/synth_1/filter.dcp for incremental synthesis
INFO: [Vivado 12-7989] Please ensure there are no constraint changes
Command: synth_design -top filter -part xc7a35tcpg236-1
Starting synth_design
Attempting to get a license for feature 'Synthesis' and/or device 'xc7a35t'
INFO: [Common 17-349] Got license for feature 'Synthesis' and/or device 'xc7a35t'
INFO: [Device 21-403] Loading part xc7a35tcpg236-1
INFO: [Designutils 20-5440] No compile time benefit to using incremental synthesis; A full resynthesis will be run
INFO: [Designutils 20-4379] Flow is switching to default flow due to incremental criteria not met. If you would like to alter this behaviour and have the flow terminate instead, please set the following parameter config_implementation {autoIncr.Synth.RejectBehavior Terminate}
INFO: [Synth 8-7079] Multithreading enabled for synth_design using a maximum of 2 processes.
INFO: [Synth 8-7078] Launching helper process for spawning children vivado processes
INFO: [Synth 8-7075] Helper process launched with PID 16952
---------------------------------------------------------------------------------
Starting RTL Elaboration : Time (s): cpu = 00:00:04 ; elapsed = 00:00:05 . Memory (MB): peak = 1294.336 ; gain = 0.000
---------------------------------------------------------------------------------
INFO: [Synth 8-6157] synthesizing module 'filter' [C:/Users/nazar/bkr/bkr.srcs/sources_1/new/main.sv:1]
INFO: [Synth 8-6157] synthesizing module 'cell_filter' [C:/Users/nazar/bkr/bkr.srcs/sources_1/new/filter_cell.sv:1]
	Parameter coef bound to: 1'b0 
INFO: [Synth 8-6155] done synthesizing module 'cell_filter' (0#1) [C:/Users/nazar/bkr/bkr.srcs/sources_1/new/filter_cell.sv:1]
WARNING: [Synth 8-689] width (26) of port connection 'sum_out' does not match port width (32) of module 'cell_filter' [C:/Users/nazar/bkr/bkr.srcs/sources_1/new/main.sv:24]
INFO: [Synth 8-6157] synthesizing module 'cell_filter__parameterized0' [C:/Users/nazar/bkr/bkr.srcs/sources_1/new/filter_cell.sv:1]
	Parameter coef bound to: 1'b1 
INFO: [Synth 8-6155] done synthesizing module 'cell_filter__parameterized0' (0#1) [C:/Users/nazar/bkr/bkr.srcs/sources_1/new/filter_cell.sv:1]
WARNING: [Synth 8-689] width (26) of port connection 'sum_out' does not match port width (32) of module 'cell_filter__parameterized0' [C:/Users/nazar/bkr/bkr.srcs/sources_1/new/main.sv:33]
WARNING: [Synth 8-689] width (26) of port connection 'feedback' does not match port width (25) of module 'cell_filter__parameterized0' [C:/Users/nazar/bkr/bkr.srcs/sources_1/new/main.sv:34]
WARNING: [Synth 8-689] width (26) of port connection 'sum_out' does not match port width (32) of module 'cell_filter' [C:/Users/nazar/bkr/bkr.srcs/sources_1/new/main.sv:33]
WARNING: [Synth 8-689] width (26) of port connection 'feedback' does not match port width (25) of module 'cell_filter' [C:/Users/nazar/bkr/bkr.srcs/sources_1/new/main.sv:34]
WARNING: [Synth 8-689] width (26) of port connection 'sum_out' does not match port width (32) of module 'cell_filter' [C:/Users/nazar/bkr/bkr.srcs/sources_1/new/main.sv:33]
WARNING: [Synth 8-689] width (26) of port connection 'feedback' does not match port width (25) of module 'cell_filter' [C:/Users/nazar/bkr/bkr.srcs/sources_1/new/main.sv:34]
WARNING: [Synth 8-689] width (26) of port connection 'sum_out' does not match port width (32) of module 'cell_filter__parameterized0' [C:/Users/nazar/bkr/bkr.srcs/sources_1/new/main.sv:33]
WARNING: [Synth 8-689] width (26) of port connection 'feedback' does not match port width (25) of module 'cell_filter__parameterized0' [C:/Users/nazar/bkr/bkr.srcs/sources_1/new/main.sv:34]
WARNING: [Synth 8-689] width (26) of port connection 'sum_out' does not match port width (32) of module 'cell_filter' [C:/Users/nazar/bkr/bkr.srcs/sources_1/new/main.sv:33]
WARNING: [Synth 8-689] width (26) of port connection 'feedback' does not match port width (25) of module 'cell_filter' [C:/Users/nazar/bkr/bkr.srcs/sources_1/new/main.sv:34]
WARNING: [Synth 8-689] width (26) of port connection 'sum_out' does not match port width (32) of module 'cell_filter' [C:/Users/nazar/bkr/bkr.srcs/sources_1/new/main.sv:33]
WARNING: [Synth 8-689] width (26) of port connection 'feedback' does not match port width (25) of module 'cell_filter' [C:/Users/nazar/bkr/bkr.srcs/sources_1/new/main.sv:34]
WARNING: [Synth 8-689] width (26) of port connection 'sum_out' does not match port width (32) of module 'cell_filter' [C:/Users/nazar/bkr/bkr.srcs/sources_1/new/main.sv:33]
WARNING: [Synth 8-689] width (26) of port connection 'feedback' does not match port width (25) of module 'cell_filter' [C:/Users/nazar/bkr/bkr.srcs/sources_1/new/main.sv:34]
WARNING: [Synth 8-689] width (26) of port connection 'sum_out' does not match port width (32) of module 'cell_filter__parameterized0' [C:/Users/nazar/bkr/bkr.srcs/sources_1/new/main.sv:33]
WARNING: [Synth 8-689] width (26) of port connection 'feedback' does not match port width (25) of module 'cell_filter__parameterized0' [C:/Users/nazar/bkr/bkr.srcs/sources_1/new/main.sv:34]
WARNING: [Synth 8-689] width (26) of port connection 'sum_out' does not match port width (32) of module 'cell_filter__parameterized0' [C:/Users/nazar/bkr/bkr.srcs/sources_1/new/main.sv:33]
WARNING: [Synth 8-689] width (26) of port connection 'feedback' does not match port width (25) of module 'cell_filter__parameterized0' [C:/Users/nazar/bkr/bkr.srcs/sources_1/new/main.sv:34]
WARNING: [Synth 8-689] width (26) of port connection 'sum_out' does not match port width (32) of module 'cell_filter__parameterized0' [C:/Users/nazar/bkr/bkr.srcs/sources_1/new/main.sv:33]
WARNING: [Synth 8-689] width (26) of port connection 'feedback' does not match port width (25) of module 'cell_filter__parameterized0' [C:/Users/nazar/bkr/bkr.srcs/sources_1/new/main.sv:34]
INFO: [Synth 8-6155] done synthesizing module 'filter' (0#1) [C:/Users/nazar/bkr/bkr.srcs/sources_1/new/main.sv:1]
---------------------------------------------------------------------------------
Finished RTL Elaboration : Time (s): cpu = 00:00:05 ; elapsed = 00:00:06 . Memory (MB): peak = 1294.336 ; gain = 0.000
---------------------------------------------------------------------------------
---------------------------------------------------------------------------------
Start Handling Custom Attributes
---------------------------------------------------------------------------------
---------------------------------------------------------------------------------
Finished Handling Custom Attributes : Time (s): cpu = 00:00:05 ; elapsed = 00:00:06 . Memory (MB): peak = 1294.336 ; gain = 0.000
---------------------------------------------------------------------------------
---------------------------------------------------------------------------------
Finished RTL Optimization Phase 1 : Time (s): cpu = 00:00:05 ; elapsed = 00:00:06 . Memory (MB): peak = 1294.336 ; gain = 0.000
---------------------------------------------------------------------------------
Netlist sorting complete. Time (s): cpu = 00:00:00 ; elapsed = 00:00:00.014 . Memory (MB): peak = 1294.336 ; gain = 0.000
INFO: [Project 1-570] Preparing netlist for logic optimization

Processing XDC Constraints
Initializing timing engine
Parsing XDC File [C:/Users/nazar/bkr/bkr.srcs/constrs_1/new/properties.xdc]
Finished Parsing XDC File [C:/Users/nazar/bkr/bkr.srcs/constrs_1/new/properties.xdc]
INFO: [Project 1-236] Implementation specific constraints were found while reading constraint file [C:/Users/nazar/bkr/bkr.srcs/constrs_1/new/properties.xdc]. These constraints will be ignored for synthesis but will be used in implementation. Impacted constraints are listed in the file [.Xil/filter_propImpl.xdc].
Resolution: To avoid this warning, move constraints listed in [.Xil/filter_propImpl.xdc] to another XDC file and exclude this new file from synthesis with the used_in_synthesis property (File Properties dialog in GUI) and re-run elaboration/synthesis.
Completed Processing XDC Constraints

Netlist sorting complete. Time (s): cpu = 00:00:00 ; elapsed = 00:00:00.001 . Memory (MB): peak = 1315.660 ; gain = 0.000
INFO: [Project 1-111] Unisim Transformation Summary:
No Unisim elements were transformed.

Constraint Validation Runtime : Time (s): cpu = 00:00:00 ; elapsed = 00:00:00.006 . Memory (MB): peak = 1315.660 ; gain = 0.000
INFO: [Designutils 20-5440] No compile time benefit to using incremental synthesis; A full resynthesis will be run
INFO: [Designutils 20-4379] Flow is switching to default flow due to incremental criteria not met. If you would like to alter this behaviour and have the flow terminate instead, please set the following parameter config_implementation {autoIncr.Synth.RejectBehavior Terminate}
---------------------------------------------------------------------------------
Finished Constraint Validation : Time (s): cpu = 00:00:11 ; elapsed = 00:00:13 . Memory (MB): peak = 1315.660 ; gain = 21.324
---------------------------------------------------------------------------------
---------------------------------------------------------------------------------
Start Loading Part and Timing Information
---------------------------------------------------------------------------------
Loading part: xc7a35tcpg236-1
---------------------------------------------------------------------------------
Finished Loading Part and Timing Information : Time (s): cpu = 00:00:11 ; elapsed = 00:00:13 . Memory (MB): peak = 1315.660 ; gain = 21.324
---------------------------------------------------------------------------------
---------------------------------------------------------------------------------
Start Applying 'set_property' XDC Constraints
---------------------------------------------------------------------------------
---------------------------------------------------------------------------------
Finished applying 'set_property' XDC Constraints : Time (s): cpu = 00:00:11 ; elapsed = 00:00:13 . Memory (MB): peak = 1315.660 ; gain = 21.324
---------------------------------------------------------------------------------
---------------------------------------------------------------------------------
Finished RTL Optimization Phase 2 : Time (s): cpu = 00:00:11 ; elapsed = 00:00:13 . Memory (MB): peak = 1315.660 ; gain = 21.324
---------------------------------------------------------------------------------
---------------------------------------------------------------------------------
Start RTL Component Statistics 
---------------------------------------------------------------------------------
Detailed RTL Component Info : 
+---Adders : 
	   3 Input   26 Bit       Adders := 6     
	   2 Input   26 Bit       Adders := 5     
	   2 Input    3 Bit       Adders := 1     
+---Registers : 
	               26 Bit    Registers := 44    
	                3 Bit    Registers := 1     
	                1 Bit    Registers := 1     
---------------------------------------------------------------------------------
Finished RTL Component Statistics 
---------------------------------------------------------------------------------
---------------------------------------------------------------------------------
Start Part Resource Summary
---------------------------------------------------------------------------------
Part Resources:
DSPs: 90 (col length:60)
BRAMs: 100 (col length: RAMB18 60 RAMB36 30)
---------------------------------------------------------------------------------
Finished Part Resource Summary
---------------------------------------------------------------------------------
---------------------------------------------------------------------------------
Start Cross Boundary and Area Optimization
---------------------------------------------------------------------------------
WARNING: [Synth 8-7080] Parallel synthesis criteria is not met
WARNING: [Synth 8-3936] Found unconnected internal register 'filter_stages[9].cei/delay_line_reg[2]' and it is trimmed from '26' to '25' bits. [C:/Users/nazar/bkr/bkr.srcs/sources_1/new/filter_cell.sv:26]
WARNING: [Synth 8-3936] Found unconnected internal register 'filter_stages[9].cei/delay_line_reg[1]' and it is trimmed from '26' to '25' bits. [C:/Users/nazar/bkr/bkr.srcs/sources_1/new/filter_cell.sv:26]
WARNING: [Synth 8-3936] Found unconnected internal register 'filter_stages[9].cei/delay_line_reg[0]' and it is trimmed from '26' to '25' bits. [C:/Users/nazar/bkr/bkr.srcs/sources_1/new/filter_cell.sv:26]
WARNING: [Synth 8-3936] Found unconnected internal register 'filter_stages[9].cei/sum_reg' and it is trimmed from '26' to '25' bits. [C:/Users/nazar/bkr/bkr.srcs/sources_1/new/filter_cell.sv:20]
WARNING: [Synth 8-3936] Found unconnected internal register 'filter_stages[8].cei/delay_line_reg[2]' and it is trimmed from '26' to '25' bits. [C:/Users/nazar/bkr/bkr.srcs/sources_1/new/filter_cell.sv:26]
WARNING: [Synth 8-3936] Found unconnected internal register 'filter_stages[8].cei/delay_line_reg[1]' and it is trimmed from '26' to '25' bits. [C:/Users/nazar/bkr/bkr.srcs/sources_1/new/filter_cell.sv:26]
WARNING: [Synth 8-3936] Found unconnected internal register 'filter_stages[8].cei/delay_line_reg[0]' and it is trimmed from '26' to '25' bits. [C:/Users/nazar/bkr/bkr.srcs/sources_1/new/filter_cell.sv:26]
WARNING: [Synth 8-3936] Found unconnected internal register 'filter_stages[8].cei/sum_reg' and it is trimmed from '26' to '25' bits. [C:/Users/nazar/bkr/bkr.srcs/sources_1/new/filter_cell.sv:20]
WARNING: [Synth 8-3936] Found unconnected internal register 'filter_stages[7].cei/delay_line_reg[2]' and it is trimmed from '26' to '25' bits. [C:/Users/nazar/bkr/bkr.srcs/sources_1/new/filter_cell.sv:26]
WARNING: [Synth 8-3936] Found unconnected internal register 'filter_stages[7].cei/delay_line_reg[1]' and it is trimmed from '26' to '25' bits. [C:/Users/nazar/bkr/bkr.srcs/sources_1/new/filter_cell.sv:26]
WARNING: [Synth 8-3936] Found unconnected internal register 'filter_stages[7].cei/delay_line_reg[0]' and it is trimmed from '26' to '25' bits. [C:/Users/nazar/bkr/bkr.srcs/sources_1/new/filter_cell.sv:26]
WARNING: [Synth 8-3936] Found unconnected internal register 'filter_stages[7].cei/sum_reg' and it is trimmed from '26' to '25' bits. [C:/Users/nazar/bkr/bkr.srcs/sources_1/new/filter_cell.sv:18]
WARNING: [Synth 8-3936] Found unconnected internal register 'filter_stages[6].cei/delay_line_reg[2]' and it is trimmed from '26' to '25' bits. [C:/Users/nazar/bkr/bkr.srcs/sources_1/new/filter_cell.sv:26]
WARNING: [Synth 8-3936] Found unconnected internal register 'filter_stages[6].cei/delay_line_reg[1]' and it is trimmed from '26' to '25' bits. [C:/Users/nazar/bkr/bkr.srcs/sources_1/new/filter_cell.sv:26]
WARNING: [Synth 8-3936] Found unconnected internal register 'filter_stages[6].cei/delay_line_reg[0]' and it is trimmed from '26' to '25' bits. [C:/Users/nazar/bkr/bkr.srcs/sources_1/new/filter_cell.sv:26]
WARNING: [Synth 8-3936] Found unconnected internal register 'filter_stages[6].cei/sum_reg' and it is trimmed from '26' to '25' bits. [C:/Users/nazar/bkr/bkr.srcs/sources_1/new/filter_cell.sv:18]
WARNING: [Synth 8-3936] Found unconnected internal register 'filter_stages[5].cei/delay_line_reg[2]' and it is trimmed from '26' to '25' bits. [C:/Users/nazar/bkr/bkr.srcs/sources_1/new/filter_cell.sv:26]
WARNING: [Synth 8-3936] Found unconnected internal register 'filter_stages[5].cei/delay_line_reg[1]' and it is trimmed from '26' to '25' bits. [C:/Users/nazar/bkr/bkr.srcs/sources_1/new/filter_cell.sv:26]
WARNING: [Synth 8-3936] Found unconnected internal register 'filter_stages[5].cei/delay_line_reg[0]' and it is trimmed from '26' to '25' bits. [C:/Users/nazar/bkr/bkr.srcs/sources_1/new/filter_cell.sv:26]
WARNING: [Synth 8-3936] Found unconnected internal register 'filter_stages[5].cei/sum_reg' and it is trimmed from '26' to '25' bits. [C:/Users/nazar/bkr/bkr.srcs/sources_1/new/filter_cell.sv:18]
WARNING: [Synth 8-3936] Found unconnected internal register 'filter_stages[4].cei/delay_line_reg[2]' and it is trimmed from '26' to '25' bits. [C:/Users/nazar/bkr/bkr.srcs/sources_1/new/filter_cell.sv:26]
WARNING: [Synth 8-3936] Found unconnected internal register 'filter_stages[4].cei/delay_line_reg[1]' and it is trimmed from '26' to '25' bits. [C:/Users/nazar/bkr/bkr.srcs/sources_1/new/filter_cell.sv:26]
WARNING: [Synth 8-3936] Found unconnected internal register 'filter_stages[4].cei/delay_line_reg[0]' and it is trimmed from '26' to '25' bits. [C:/Users/nazar/bkr/bkr.srcs/sources_1/new/filter_cell.sv:26]
WARNING: [Synth 8-3936] Found unconnected internal register 'filter_stages[4].cei/sum_reg' and it is trimmed from '26' to '25' bits. [C:/Users/nazar/bkr/bkr.srcs/sources_1/new/filter_cell.sv:20]
WARNING: [Synth 8-3936] Found unconnected internal register 'filter_stages[3].cei/delay_line_reg[2]' and it is trimmed from '26' to '25' bits. [C:/Users/nazar/bkr/bkr.srcs/sources_1/new/filter_cell.sv:26]
WARNING: [Synth 8-3936] Found unconnected internal register 'filter_stages[3].cei/delay_line_reg[1]' and it is trimmed from '26' to '25' bits. [C:/Users/nazar/bkr/bkr.srcs/sources_1/new/filter_cell.sv:26]
WARNING: [Synth 8-3936] Found unconnected internal register 'filter_stages[3].cei/delay_line_reg[0]' and it is trimmed from '26' to '25' bits. [C:/Users/nazar/bkr/bkr.srcs/sources_1/new/filter_cell.sv:26]
WARNING: [Synth 8-3936] Found unconnected internal register 'filter_stages[3].cei/sum_reg' and it is trimmed from '26' to '25' bits. [C:/Users/nazar/bkr/bkr.srcs/sources_1/new/filter_cell.sv:18]
WARNING: [Synth 8-3936] Found unconnected internal register 'filter_stages[2].cei/delay_line_reg[2]' and it is trimmed from '26' to '25' bits. [C:/Users/nazar/bkr/bkr.srcs/sources_1/new/filter_cell.sv:26]
WARNING: [Synth 8-3936] Found unconnected internal register 'filter_stages[2].cei/delay_line_reg[1]' and it is trimmed from '26' to '25' bits. [C:/Users/nazar/bkr/bkr.srcs/sources_1/new/filter_cell.sv:26]
WARNING: [Synth 8-3936] Found unconnected internal register 'filter_stages[2].cei/delay_line_reg[0]' and it is trimmed from '26' to '25' bits. [C:/Users/nazar/bkr/bkr.srcs/sources_1/new/filter_cell.sv:26]
WARNING: [Synth 8-3936] Found unconnected internal register 'filter_stages[2].cei/sum_reg' and it is trimmed from '26' to '25' bits. [C:/Users/nazar/bkr/bkr.srcs/sources_1/new/filter_cell.sv:18]
WARNING: [Synth 8-3936] Found unconnected internal register 'filter_stages[1].cei/delay_line_reg[2]' and it is trimmed from '26' to '25' bits. [C:/Users/nazar/bkr/bkr.srcs/sources_1/new/filter_cell.sv:26]
WARNING: [Synth 8-3936] Found unconnected internal register 'filter_stages[1].cei/delay_line_reg[1]' and it is trimmed from '26' to '25' bits. [C:/Users/nazar/bkr/bkr.srcs/sources_1/new/filter_cell.sv:26]
WARNING: [Synth 8-3936] Found unconnected internal register 'filter_stages[1].cei/delay_line_reg[0]' and it is trimmed from '26' to '25' bits. [C:/Users/nazar/bkr/bkr.srcs/sources_1/new/filter_cell.sv:26]
WARNING: [Synth 8-3936] Found unconnected internal register 'filter_stages[1].cei/sum_reg' and it is trimmed from '26' to '25' bits. [C:/Users/nazar/bkr/bkr.srcs/sources_1/new/filter_cell.sv:20]
WARNING: [Synth 8-3936] Found unconnected internal register 'filter_stages[0].cei/delay_line_reg[2]' and it is trimmed from '26' to '25' bits. [C:/Users/nazar/bkr/bkr.srcs/sources_1/new/filter_cell.sv:26]
WARNING: [Synth 8-3936] Found unconnected internal register 'filter_stages[0].cei/delay_line_reg[1]' and it is trimmed from '26' to '25' bits. [C:/Users/nazar/bkr/bkr.srcs/sources_1/new/filter_cell.sv:26]
WARNING: [Synth 8-3936] Found unconnected internal register 'filter_stages[0].cei/delay_line_reg[0]' and it is trimmed from '26' to '25' bits. [C:/Users/nazar/bkr/bkr.srcs/sources_1/new/filter_cell.sv:26]
WARNING: [Synth 8-3936] Found unconnected internal register 'filter_stages[0].cei/sum_reg' and it is trimmed from '26' to '25' bits. [C:/Users/nazar/bkr/bkr.srcs/sources_1/new/filter_cell.sv:18]
---------------------------------------------------------------------------------
Finished Cross Boundary and Area Optimization : Time (s): cpu = 00:00:13 ; elapsed = 00:00:15 . Memory (MB): peak = 1315.660 ; gain = 21.324
---------------------------------------------------------------------------------
---------------------------------------------------------------------------------
Start Applying XDC Timing Constraints
---------------------------------------------------------------------------------
---------------------------------------------------------------------------------
Finished Applying XDC Timing Constraints : Time (s): cpu = 00:00:17 ; elapsed = 00:00:19 . Memory (MB): peak = 1315.660 ; gain = 21.324
---------------------------------------------------------------------------------
---------------------------------------------------------------------------------
Start Timing Optimization
---------------------------------------------------------------------------------
---------------------------------------------------------------------------------
Finished Timing Optimization : Time (s): cpu = 00:00:17 ; elapsed = 00:00:19 . Memory (MB): peak = 1315.660 ; gain = 21.324
---------------------------------------------------------------------------------
---------------------------------------------------------------------------------
Start Technology Mapping
---------------------------------------------------------------------------------
---------------------------------------------------------------------------------
Finished Technology Mapping : Time (s): cpu = 00:00:17 ; elapsed = 00:00:19 . Memory (MB): peak = 1315.660 ; gain = 21.324
---------------------------------------------------------------------------------
---------------------------------------------------------------------------------
Start IO Insertion
---------------------------------------------------------------------------------
---------------------------------------------------------------------------------
Start Flattening Before IO Insertion
---------------------------------------------------------------------------------
---------------------------------------------------------------------------------
Finished Flattening Before IO Insertion
---------------------------------------------------------------------------------
---------------------------------------------------------------------------------
Start Final Netlist Cleanup
---------------------------------------------------------------------------------
---------------------------------------------------------------------------------
Finished Final Netlist Cleanup
---------------------------------------------------------------------------------
---------------------------------------------------------------------------------
Finished IO Insertion : Time (s): cpu = 00:00:21 ; elapsed = 00:00:22 . Memory (MB): peak = 1315.660 ; gain = 21.324
---------------------------------------------------------------------------------
---------------------------------------------------------------------------------
Start Renaming Generated Instances
---------------------------------------------------------------------------------
---------------------------------------------------------------------------------
Finished Renaming Generated Instances : Time (s): cpu = 00:00:21 ; elapsed = 00:00:22 . Memory (MB): peak = 1315.660 ; gain = 21.324
---------------------------------------------------------------------------------
---------------------------------------------------------------------------------
Start Rebuilding User Hierarchy
---------------------------------------------------------------------------------
---------------------------------------------------------------------------------
Finished Rebuilding User Hierarchy : Time (s): cpu = 00:00:21 ; elapsed = 00:00:22 . Memory (MB): peak = 1315.660 ; gain = 21.324
---------------------------------------------------------------------------------
---------------------------------------------------------------------------------
Start Renaming Generated Ports
---------------------------------------------------------------------------------
---------------------------------------------------------------------------------
Finished Renaming Generated Ports : Time (s): cpu = 00:00:21 ; elapsed = 00:00:22 . Memory (MB): peak = 1315.660 ; gain = 21.324
---------------------------------------------------------------------------------
---------------------------------------------------------------------------------
Start Handling Custom Attributes
---------------------------------------------------------------------------------
---------------------------------------------------------------------------------
Finished Handling Custom Attributes : Time (s): cpu = 00:00:21 ; elapsed = 00:00:22 . Memory (MB): peak = 1315.660 ; gain = 21.324
---------------------------------------------------------------------------------
---------------------------------------------------------------------------------
Start Renaming Generated Nets
---------------------------------------------------------------------------------
---------------------------------------------------------------------------------
Finished Renaming Generated Nets : Time (s): cpu = 00:00:21 ; elapsed = 00:00:22 . Memory (MB): peak = 1315.660 ; gain = 21.324
---------------------------------------------------------------------------------
---------------------------------------------------------------------------------
Start ROM, RAM, DSP, Shift Register and Retiming Reporting
---------------------------------------------------------------------------------

Static Shift Register Report:
+------------+--------------------------------------------+--------+-------+--------------+--------------------+-------------------+--------+---------+
|Module Name | RTL Name                                   | Length | Width | Reset Signal | Pull out first Reg | Pull out last Reg | SRL16E | SRLC32E | 
+------------+--------------------------------------------+--------+-------+--------------+--------------------+-------------------+--------+---------+
|filter      | filter_stages[0].cei/delay_line_reg[2][16] | 4      | 239   | NO           | YES                | YES               | 239    | 0       | 
|filter      | filter_stages[0].cei/delay_line_reg[2][0]  | 4      | 1     | NO           | NO                 | YES               | 1      | 0       | 
+------------+--------------------------------------------+--------+-------+--------------+--------------------+-------------------+--------+---------+

---------------------------------------------------------------------------------
Finished ROM, RAM, DSP, Shift Register and Retiming Reporting
---------------------------------------------------------------------------------
---------------------------------------------------------------------------------
Start Writing Synthesis Report
---------------------------------------------------------------------------------

Report BlackBoxes: 
+-+--------------+----------+
| |BlackBox name |Instances |
+-+--------------+----------+
+-+--------------+----------+

Report Cell Usage: 
+------+-------+------+
|      |Cell   |Count |
+------+-------+------+
|1     |BUFG   |     1|
|2     |CARRY4 |    64|
|3     |LUT1   |    21|
|4     |LUT2   |   214|
|5     |SRL16E |   240|
|6     |FDRE   |   479|
|7     |IBUF   |    17|
|8     |OBUF   |    34|
+------+-------+------+
---------------------------------------------------------------------------------
Finished Writing Synthesis Report : Time (s): cpu = 00:00:21 ; elapsed = 00:00:22 . Memory (MB): peak = 1315.660 ; gain = 21.324
---------------------------------------------------------------------------------
Synthesis finished with 0 errors, 0 critical warnings and 41 warnings.
Synthesis Optimization Runtime : Time (s): cpu = 00:00:14 ; elapsed = 00:00:21 . Memory (MB): peak = 1315.660 ; gain = 0.000
Synthesis Optimization Complete : Time (s): cpu = 00:00:21 ; elapsed = 00:00:23 . Memory (MB): peak = 1315.660 ; gain = 21.324
INFO: [Project 1-571] Translating synthesized netlist
Netlist sorting complete. Time (s): cpu = 00:00:00 ; elapsed = 00:00:00.014 . Memory (MB): peak = 1315.660 ; gain = 0.000
INFO: [Netlist 29-17] Analyzing 64 Unisim elements for replacement
INFO: [Netlist 29-28] Unisim Transformation completed in 0 CPU seconds
INFO: [Project 1-570] Preparing netlist for logic optimization
INFO: [Opt 31-138] Pushed 0 inverter(s) to 0 load pin(s).
Netlist sorting complete. Time (s): cpu = 00:00:00 ; elapsed = 00:00:00 . Memory (MB): peak = 1315.660 ; gain = 0.000
INFO: [Project 1-111] Unisim Transformation Summary:
No Unisim elements were transformed.

Synth Design complete, checksum: adf85c2f
INFO: [Common 17-83] Releasing license: Synthesis
27 Infos, 62 Warnings, 0 Critical Warnings and 0 Errors encountered.
synth_design completed successfully
synth_design: Time (s): cpu = 00:00:25 ; elapsed = 00:00:27 . Memory (MB): peak = 1315.660 ; gain = 21.324
INFO: [Common 17-1381] The checkpoint 'C:/Users/nazar/bkr/bkr.runs/synth_1/filter.dcp' has been generated.
INFO: [runtcl-4] Executing : report_utilization -file filter_utilization_synth.rpt -pb filter_utilization_synth.pb
INFO: [Common 17-206] Exiting Vivado at Wed Nov 27 22:16:23 2024...
