
*** Running vivado
    with args -log float_adder.vds -m64 -product Vivado -mode batch -messageDb vivado.pb -notrace -source float_adder.tcl



****** Vivado v2022.1 (64-bit)
  **** SW Build 3526262 on Mon Apr 18 15:48:16 MDT 2022
  **** IP Build 3524634 on Mon Apr 18 20:55:01 MDT 2022
    ** Copyright 1986-2022 Xilinx, Inc. All Rights Reserved.

source float_adder.tcl -notrace
Command: read_checkpoint -auto_incremental -incremental C:/Xilinx/Vivado/CUM_LAB/lab_9/sum_float/sum_float.srcs/utils_1/imports/synth_1/float_adder.dcp
INFO: [Vivado 12-5825] Read reference checkpoint from C:/Xilinx/Vivado/CUM_LAB/lab_9/sum_float/sum_float.srcs/utils_1/imports/synth_1/float_adder.dcp for incremental synthesis
INFO: [Vivado 12-7989] Please ensure there are no constraint changes
Command: synth_design -top float_adder -part xc7a35tcpg236-1
Starting synth_design
Attempting to get a license for feature 'Synthesis' and/or device 'xc7a35t'
INFO: [Common 17-349] Got license for feature 'Synthesis' and/or device 'xc7a35t'
INFO: [Designutils 20-5440] No compile time benefit to using incremental synthesis; A full resynthesis will be run
INFO: [Designutils 20-4379] Flow is switching to default flow due to incremental criteria not met. If you would like to alter this behaviour and have the flow terminate instead, please set the following parameter config_implementation {autoIncr.Synth.RejectBehavior Terminate}
INFO: [Synth 8-7079] Multithreading enabled for synth_design using a maximum of 2 processes.
INFO: [Synth 8-7078] Launching helper process for spawning children vivado processes
INFO: [Synth 8-7075] Helper process launched with PID 10200
---------------------------------------------------------------------------------
Starting Synthesize : Time (s): cpu = 00:00:04 ; elapsed = 00:00:04 . Memory (MB): peak = 1294.086 ; gain = 0.000
---------------------------------------------------------------------------------
INFO: [Synth 8-6157] synthesizing module 'float_adder' [C:/Xilinx/Vivado/CUM_LAB/lab_9/sum_float/sum_float.srcs/sources_1/new/main.sv:1]
INFO: [Synth 8-6155] done synthesizing module 'float_adder' (0#1) [C:/Xilinx/Vivado/CUM_LAB/lab_9/sum_float/sum_float.srcs/sources_1/new/main.sv:1]
WARNING: [Synth 8-6014] Unused sequential element sign_a_reg was removed.  [C:/Xilinx/Vivado/CUM_LAB/lab_9/sum_float/sum_float.srcs/sources_1/new/main.sv:13]
WARNING: [Synth 8-6014] Unused sequential element exponent_a_reg was removed.  [C:/Xilinx/Vivado/CUM_LAB/lab_9/sum_float/sum_float.srcs/sources_1/new/main.sv:14]
WARNING: [Synth 8-6014] Unused sequential element mantissa_a_reg was removed.  [C:/Xilinx/Vivado/CUM_LAB/lab_9/sum_float/sum_float.srcs/sources_1/new/main.sv:15]
WARNING: [Synth 8-6014] Unused sequential element sign_b_reg was removed.  [C:/Xilinx/Vivado/CUM_LAB/lab_9/sum_float/sum_float.srcs/sources_1/new/main.sv:17]
WARNING: [Synth 8-6014] Unused sequential element exponent_b_reg was removed.  [C:/Xilinx/Vivado/CUM_LAB/lab_9/sum_float/sum_float.srcs/sources_1/new/main.sv:18]
WARNING: [Synth 8-6014] Unused sequential element mantissa_b_reg was removed.  [C:/Xilinx/Vivado/CUM_LAB/lab_9/sum_float/sum_float.srcs/sources_1/new/main.sv:19]
WARNING: [Synth 8-6014] Unused sequential element exponent_result_reg was removed.  [C:/Xilinx/Vivado/CUM_LAB/lab_9/sum_float/sum_float.srcs/sources_1/new/main.sv:23]
WARNING: [Synth 8-6014] Unused sequential element mantissa_result_reg was removed.  [C:/Xilinx/Vivado/CUM_LAB/lab_9/sum_float/sum_float.srcs/sources_1/new/main.sv:30]
---------------------------------------------------------------------------------
Finished Synthesize : Time (s): cpu = 00:00:05 ; elapsed = 00:00:05 . Memory (MB): peak = 1294.086 ; gain = 0.000
---------------------------------------------------------------------------------
---------------------------------------------------------------------------------
Finished Constraint Validation : Time (s): cpu = 00:00:06 ; elapsed = 00:00:06 . Memory (MB): peak = 1294.086 ; gain = 0.000
---------------------------------------------------------------------------------
---------------------------------------------------------------------------------
Start Loading Part and Timing Information
---------------------------------------------------------------------------------
Loading part: xc7a35tcpg236-1
---------------------------------------------------------------------------------
Finished Loading Part and Timing Information : Time (s): cpu = 00:00:06 ; elapsed = 00:00:06 . Memory (MB): peak = 1294.086 ; gain = 0.000
---------------------------------------------------------------------------------
INFO: [Device 21-403] Loading part xc7a35tcpg236-1
---------------------------------------------------------------------------------
Finished RTL Optimization Phase 2 : Time (s): cpu = 00:00:06 ; elapsed = 00:00:06 . Memory (MB): peak = 1294.086 ; gain = 0.000
---------------------------------------------------------------------------------
No constraint files found.
---------------------------------------------------------------------------------
Start RTL Component Statistics 
---------------------------------------------------------------------------------
Detailed RTL Component Info : 
+---Adders : 
	   3 Input   24 Bit       Adders := 1     
	   3 Input    8 Bit       Adders := 13    
	   2 Input    8 Bit       Adders := 12    
+---Registers : 
	               32 Bit    Registers := 1     
+---Muxes : 
	   2 Input   24 Bit        Muxes := 28    
	   2 Input   23 Bit        Muxes := 2     
	   2 Input    8 Bit        Muxes := 3     
	   2 Input    1 Bit        Muxes := 2     
---------------------------------------------------------------------------------
Finished RTL Component Statistics 
---------------------------------------------------------------------------------
---------------------------------------------------------------------------------
Start Part Resource Summary
---------------------------------------------------------------------------------
Part Resources:
DSPs: 90 (col length:60)
BRAMs: 100 (col length: RAMB18 60 RAMB36 30)
---------------------------------------------------------------------------------
Finished Part Resource Summary
---------------------------------------------------------------------------------
No constraint files found.
---------------------------------------------------------------------------------
Start Cross Boundary and Area Optimization
---------------------------------------------------------------------------------
WARNING: [Synth 8-7080] Parallel synthesis criteria is not met
---------------------------------------------------------------------------------
Finished Cross Boundary and Area Optimization : Time (s): cpu = 00:00:20 ; elapsed = 00:00:20 . Memory (MB): peak = 1294.086 ; gain = 0.000
---------------------------------------------------------------------------------
No constraint files found.
---------------------------------------------------------------------------------
Start Timing Optimization
---------------------------------------------------------------------------------
---------------------------------------------------------------------------------
Finished Timing Optimization : Time (s): cpu = 00:00:20 ; elapsed = 00:00:20 . Memory (MB): peak = 1294.086 ; gain = 0.000
---------------------------------------------------------------------------------
---------------------------------------------------------------------------------
Start Technology Mapping
---------------------------------------------------------------------------------
---------------------------------------------------------------------------------
Finished Technology Mapping : Time (s): cpu = 00:00:20 ; elapsed = 00:00:20 . Memory (MB): peak = 1294.086 ; gain = 0.000
---------------------------------------------------------------------------------
---------------------------------------------------------------------------------
Start IO Insertion
---------------------------------------------------------------------------------
---------------------------------------------------------------------------------
Start Flattening Before IO Insertion
---------------------------------------------------------------------------------
---------------------------------------------------------------------------------
Finished Flattening Before IO Insertion
---------------------------------------------------------------------------------
---------------------------------------------------------------------------------
Start Final Netlist Cleanup
---------------------------------------------------------------------------------
---------------------------------------------------------------------------------
Finished Final Netlist Cleanup
---------------------------------------------------------------------------------
---------------------------------------------------------------------------------
Finished IO Insertion : Time (s): cpu = 00:00:23 ; elapsed = 00:00:24 . Memory (MB): peak = 1294.086 ; gain = 0.000
---------------------------------------------------------------------------------
---------------------------------------------------------------------------------
Start Renaming Generated Instances
---------------------------------------------------------------------------------
---------------------------------------------------------------------------------
Finished Renaming Generated Instances : Time (s): cpu = 00:00:23 ; elapsed = 00:00:24 . Memory (MB): peak = 1294.086 ; gain = 0.000
---------------------------------------------------------------------------------
---------------------------------------------------------------------------------
Start Rebuilding User Hierarchy
---------------------------------------------------------------------------------
---------------------------------------------------------------------------------
Finished Rebuilding User Hierarchy : Time (s): cpu = 00:00:23 ; elapsed = 00:00:24 . Memory (MB): peak = 1294.086 ; gain = 0.000
---------------------------------------------------------------------------------
---------------------------------------------------------------------------------
Start Renaming Generated Ports
---------------------------------------------------------------------------------
---------------------------------------------------------------------------------
Finished Renaming Generated Ports : Time (s): cpu = 00:00:23 ; elapsed = 00:00:24 . Memory (MB): peak = 1294.086 ; gain = 0.000
---------------------------------------------------------------------------------
---------------------------------------------------------------------------------
Start Handling Custom Attributes
---------------------------------------------------------------------------------
---------------------------------------------------------------------------------
Finished Handling Custom Attributes : Time (s): cpu = 00:00:23 ; elapsed = 00:00:24 . Memory (MB): peak = 1294.086 ; gain = 0.000
---------------------------------------------------------------------------------
---------------------------------------------------------------------------------
Start Renaming Generated Nets
---------------------------------------------------------------------------------
---------------------------------------------------------------------------------
Finished Renaming Generated Nets : Time (s): cpu = 00:00:23 ; elapsed = 00:00:24 . Memory (MB): peak = 1294.086 ; gain = 0.000
---------------------------------------------------------------------------------
---------------------------------------------------------------------------------
Start Writing Synthesis Report
---------------------------------------------------------------------------------

Report BlackBoxes: 
+-+--------------+----------+
| |BlackBox name |Instances |
+-+--------------+----------+
+-+--------------+----------+

Report Cell Usage: 
+------+-------+------+
|      |Cell   |Count |
+------+-------+------+
|1     |BUFG   |     1|
|2     |CARRY4 |    14|
|3     |LUT2   |    38|
|4     |LUT3   |    64|
|5     |LUT4   |    95|
|6     |LUT5   |   220|
|7     |LUT6   |   190|
|8     |FDRE   |    32|
|9     |IBUF   |    65|
|10    |OBUF   |    32|
+------+-------+------+

Report Instance Areas: 
+------+---------+-------+------+
|      |Instance |Module |Cells |
+------+---------+-------+------+
|1     |top      |       |   751|
+------+---------+-------+------+
---------------------------------------------------------------------------------
Finished Writing Synthesis Report : Time (s): cpu = 00:00:23 ; elapsed = 00:00:24 . Memory (MB): peak = 1294.086 ; gain = 0.000
---------------------------------------------------------------------------------
Synthesis finished with 0 errors, 0 critical warnings and 9 warnings.
Synthesis Optimization Runtime : Time (s): cpu = 00:00:23 ; elapsed = 00:00:24 . Memory (MB): peak = 1294.086 ; gain = 0.000
Synthesis Optimization Complete : Time (s): cpu = 00:00:23 ; elapsed = 00:00:24 . Memory (MB): peak = 1294.086 ; gain = 0.000
INFO: [Project 1-571] Translating synthesized netlist
Netlist sorting complete. Time (s): cpu = 00:00:00 ; elapsed = 00:00:00.005 . Memory (MB): peak = 1294.086 ; gain = 0.000
INFO: [Netlist 29-17] Analyzing 14 Unisim elements for replacement
INFO: [Netlist 29-28] Unisim Transformation completed in 0 CPU seconds
INFO: [Project 1-570] Preparing netlist for logic optimization
INFO: [Opt 31-138] Pushed 0 inverter(s) to 0 load pin(s).
Netlist sorting complete. Time (s): cpu = 00:00:00 ; elapsed = 00:00:00.001 . Memory (MB): peak = 1294.086 ; gain = 0.000
INFO: [Project 1-111] Unisim Transformation Summary:
No Unisim elements were transformed.

Synth Design complete, checksum: fcd91a2b
INFO: [Common 17-83] Releasing license: Synthesis
18 Infos, 9 Warnings, 0 Critical Warnings and 0 Errors encountered.
synth_design completed successfully
synth_design: Time (s): cpu = 00:00:25 ; elapsed = 00:00:25 . Memory (MB): peak = 1294.086 ; gain = 0.000
INFO: [Common 17-1381] The checkpoint 'C:/Xilinx/Vivado/CUM_LAB/lab_9/sum_float/sum_float.runs/synth_1/float_adder.dcp' has been generated.
INFO: [runtcl-4] Executing : report_utilization -file float_adder_utilization_synth.rpt -pb float_adder_utilization_synth.pb
INFO: [Common 17-206] Exiting Vivado at Sat Nov  2 23:52:42 2024...
